[debug] [2022-04-29T14:51:51.323Z] ----------------------------------------------------------------------
[debug] [2022-04-29T14:51:51.325Z] Command:       C:\Program Files\nodejs\node.exe C:\Users\Tejas\AppData\Roaming\npm\node_modules\firebase-tools\lib\bin\firebase.js deploy
[debug] [2022-04-29T14:51:51.326Z] CLI Version:   10.5.0
[debug] [2022-04-29T14:51:51.326Z] Platform:      win32
[debug] [2022-04-29T14:51:51.326Z] Node Version:  v14.16.1
[debug] [2022-04-29T14:51:51.327Z] Time:          Fri Apr 29 2022 20:21:51 GMT+0530 (India Standard Time)
[debug] [2022-04-29T14:51:51.327Z] ----------------------------------------------------------------------
[debug] 
[debug] [2022-04-29T14:51:51.443Z] > command requires scopes: ["email","openid","https://www.googleapis.com/auth/cloudplatformprojects.readonly","https://www.googleapis.com/auth/firebase","https://www.googleapis.com/auth/cloud-platform"]
[debug] [2022-04-29T14:51:51.443Z] > authorizing via signed-in user (tejas.surve358@gmail.com)
[debug] [2022-04-29T14:51:51.443Z] [iam] checking project elemental-3423d for permissions ["firebase.projects.get","firebasehosting.sites.update"]
[debug] [2022-04-29T14:51:51.445Z] >>> [apiv2][query] POST https://cloudresourcemanager.googleapis.com/v1/projects/elemental-3423d:testIamPermissions [none]
[debug] [2022-04-29T14:51:51.445Z] >>> [apiv2][body] POST https://cloudresourcemanager.googleapis.com/v1/projects/elemental-3423d:testIamPermissions {"permissions":["firebase.projects.get","firebasehosting.sites.update"]}
[debug] [2022-04-29T14:51:53.420Z] <<< [apiv2][status] POST https://cloudresourcemanager.googleapis.com/v1/projects/elemental-3423d:testIamPermissions 200
[debug] [2022-04-29T14:51:53.420Z] <<< [apiv2][body] POST https://cloudresourcemanager.googleapis.com/v1/projects/elemental-3423d:testIamPermissions {"permissions":["firebase.projects.get","firebasehosting.sites.update"]}
[debug] [2022-04-29T14:51:53.422Z] >>> [apiv2][query] GET https://firebase.googleapis.com/v1beta1/projects/elemental-3423d [none]
[debug] [2022-04-29T14:51:54.382Z] <<< [apiv2][status] GET https://firebase.googleapis.com/v1beta1/projects/elemental-3423d 200
[debug] [2022-04-29T14:51:54.382Z] <<< [apiv2][body] GET https://firebase.googleapis.com/v1beta1/projects/elemental-3423d {"projectId":"elemental-3423d","projectNumber":"374235716391","displayName":"elemental","name":"projects/elemental-3423d","resources":{"hostingSite":"elemental-3423d"},"state":"ACTIVE"}
[info] 
[info] === Deploying to 'elemental-3423d'...
[info] 
[info] i  deploying hosting 
[debug] [2022-04-29T14:51:54.385Z] >>> [apiv2][query] GET https://firebase.googleapis.com/v1beta1/projects/elemental-3423d [none]
[debug] [2022-04-29T14:51:55.048Z] <<< [apiv2][status] GET https://firebase.googleapis.com/v1beta1/projects/elemental-3423d 200
[debug] [2022-04-29T14:51:55.048Z] <<< [apiv2][body] GET https://firebase.googleapis.com/v1beta1/projects/elemental-3423d {"projectId":"elemental-3423d","projectNumber":"374235716391","displayName":"elemental","name":"projects/elemental-3423d","resources":{"hostingSite":"elemental-3423d"},"state":"ACTIVE"}
[debug] [2022-04-29T14:51:55.050Z] >>> [apiv2][query] POST https://firebasehosting.googleapis.com/v1beta1/projects/374235716391/sites/elemental-3423d/versions [none]
[debug] [2022-04-29T14:51:55.050Z] >>> [apiv2][body] POST https://firebasehosting.googleapis.com/v1beta1/projects/374235716391/sites/elemental-3423d/versions {"config":{"rewrites":[{"glob":"**","path":"/index.html"}]},"labels":{"deployment-tool":"cli-firebase"}}
[debug] [2022-04-29T14:51:57.327Z] <<< [apiv2][status] POST https://firebasehosting.googleapis.com/v1beta1/projects/374235716391/sites/elemental-3423d/versions 500
[debug] [2022-04-29T14:51:57.327Z] <<< [apiv2][body] POST https://firebasehosting.googleapis.com/v1beta1/projects/374235716391/sites/elemental-3423d/versions {"error":{"code":500,"message":"Internal error encountered.","status":"INTERNAL"}}
[error] 
[error] Error: HTTP Error: 500, Internal error encountered.
[debug] [2022-04-29T14:51:57.551Z] Error Context: {
  "body": {
    "error": {
      "code": 500,
      "message": "Internal error encountered.",
      "status": "INTERNAL"
    }
  },
  "response": {
    "statusCode": 500
  }
}
